2013-09-24 23:02:18,280 - Log4JLogChute initialized using file 'velocity.log'
2013-09-24 23:02:18,280 - Initializing Velocity, Calling init()...
2013-09-24 23:02:18,281 - Starting Apache Velocity v1.7 (compiled: 2010-11-19 12:14:37)
2013-09-24 23:02:18,281 - Default Properties File: org\apache\velocity\runtime\defaults\velocity.properties
2013-09-24 23:02:18,281 - Trying to use logger class org.apache.velocity.runtime.log.AvalonLogChute
2013-09-24 23:02:18,281 - Target log system for org.apache.velocity.runtime.log.AvalonLogChute is not available (java.lang.NoClassDefFoundError: org/apache/log/format/Formatter).  Falling back to next log system...
2013-09-24 23:02:18,281 - Trying to use logger class org.apache.velocity.runtime.log.Log4JLogChute
2013-09-24 23:02:18,281 - Using logger class org.apache.velocity.runtime.log.Log4JLogChute
2013-09-24 23:02:18,285 - ResourceLoader instantiated: org.apache.velocity.runtime.resource.loader.FileResourceLoader
2013-09-24 23:02:18,286 - Do unicode file recognition:  false
2013-09-24 23:02:18,286 - FileResourceLoader : adding path '.'
2013-09-24 23:02:18,296 - ResourceCache: initialized (class org.apache.velocity.runtime.resource.ResourceCacheImpl) with class java.util.Collections$SynchronizedMap cache map.
2013-09-24 23:02:18,297 - Loaded System Directive: org.apache.velocity.runtime.directive.Stop
2013-09-24 23:02:18,298 - Loaded System Directive: org.apache.velocity.runtime.directive.Define
2013-09-24 23:02:18,298 - Loaded System Directive: org.apache.velocity.runtime.directive.Break
2013-09-24 23:02:18,298 - Loaded System Directive: org.apache.velocity.runtime.directive.Evaluate
2013-09-24 23:02:18,305 - Loaded System Directive: org.apache.velocity.runtime.directive.Literal
2013-09-24 23:02:18,306 - Loaded System Directive: org.apache.velocity.runtime.directive.Macro
2013-09-24 23:02:18,307 - Loaded System Directive: org.apache.velocity.runtime.directive.Parse
2013-09-24 23:02:18,307 - Loaded System Directive: org.apache.velocity.runtime.directive.Include
2013-09-24 23:02:18,308 - Loaded System Directive: org.apache.velocity.runtime.directive.Foreach
2013-09-24 23:02:18,327 - Created '20' parsers.
2013-09-24 23:02:18,331 - Velocimacro : "velocimacro.library" is not set.  Trying default library: VM_global_library.vm
2013-09-24 23:02:18,331 - Velocimacro : Default library not found.
2013-09-24 23:02:18,332 - Velocimacro : allowInline = true : VMs can be defined inline in templates
2013-09-24 23:02:18,332 - Velocimacro : allowInlineToOverride = false : VMs defined inline may NOT replace previous VM definitions
2013-09-24 23:02:18,332 - Velocimacro : allowInlineLocal = false : VMs defined inline will be global in scope if allowed.
2013-09-24 23:02:18,332 - Velocimacro : autoload off : VM system will not automatically reload global library macros
2013-09-24 23:02:18,333 - ResourceManager : unable to find resource 'weather.vm' in any resource loader.
2013-09-24 23:03:13,680 - Log4JLogChute initialized using file 'velocity.log'
2013-09-24 23:03:13,680 - Initializing Velocity, Calling init()...
2013-09-24 23:03:13,680 - Starting Apache Velocity v1.7 (compiled: 2010-11-19 12:14:37)
2013-09-24 23:03:13,681 - Default Properties File: org\apache\velocity\runtime\defaults\velocity.properties
2013-09-24 23:03:13,681 - Trying to use logger class org.apache.velocity.runtime.log.AvalonLogChute
2013-09-24 23:03:13,681 - Target log system for org.apache.velocity.runtime.log.AvalonLogChute is not available (java.lang.NoClassDefFoundError: org/apache/log/format/Formatter).  Falling back to next log system...
2013-09-24 23:03:13,681 - Trying to use logger class org.apache.velocity.runtime.log.Log4JLogChute
2013-09-24 23:03:13,681 - Using logger class org.apache.velocity.runtime.log.Log4JLogChute
2013-09-24 23:03:13,683 - ResourceLoader instantiated: org.apache.velocity.runtime.resource.loader.FileResourceLoader
2013-09-24 23:03:13,684 - Do unicode file recognition:  false
2013-09-24 23:03:13,684 - FileResourceLoader : adding path '.'
2013-09-24 23:03:13,691 - ResourceCache: initialized (class org.apache.velocity.runtime.resource.ResourceCacheImpl) with class java.util.Collections$SynchronizedMap cache map.
2013-09-24 23:03:13,692 - Loaded System Directive: org.apache.velocity.runtime.directive.Stop
2013-09-24 23:03:13,702 - Loaded System Directive: org.apache.velocity.runtime.directive.Define
2013-09-24 23:03:13,702 - Loaded System Directive: org.apache.velocity.runtime.directive.Break
2013-09-24 23:03:13,703 - Loaded System Directive: org.apache.velocity.runtime.directive.Evaluate
2013-09-24 23:03:13,703 - Loaded System Directive: org.apache.velocity.runtime.directive.Literal
2013-09-24 23:03:13,704 - Loaded System Directive: org.apache.velocity.runtime.directive.Macro
2013-09-24 23:03:13,704 - Loaded System Directive: org.apache.velocity.runtime.directive.Parse
2013-09-24 23:03:13,705 - Loaded System Directive: org.apache.velocity.runtime.directive.Include
2013-09-24 23:03:13,706 - Loaded System Directive: org.apache.velocity.runtime.directive.Foreach
2013-09-24 23:03:13,724 - Created '20' parsers.
2013-09-24 23:03:13,727 - Velocimacro : "velocimacro.library" is not set.  Trying default library: VM_global_library.vm
2013-09-24 23:03:13,727 - Velocimacro : Default library not found.
2013-09-24 23:03:13,727 - Velocimacro : allowInline = true : VMs can be defined inline in templates
2013-09-24 23:03:13,727 - Velocimacro : allowInlineToOverride = false : VMs defined inline may NOT replace previous VM definitions
2013-09-24 23:03:13,727 - Velocimacro : allowInlineLocal = false : VMs defined inline will be global in scope if allowed.
2013-09-24 23:03:13,727 - Velocimacro : autoload off : VM system will not automatically reload global library macros
2013-09-24 23:03:13,729 - ResourceManager : unable to find resource 'weather.vm' in any resource loader.
2013-09-24 23:06:06,965 - Log4JLogChute initialized using file 'velocity.log'
2013-09-24 23:06:06,965 - Initializing Velocity, Calling init()...
2013-09-24 23:06:06,966 - Starting Apache Velocity v1.7 (compiled: 2010-11-19 12:14:37)
2013-09-24 23:06:06,966 - Default Properties File: org\apache\velocity\runtime\defaults\velocity.properties
2013-09-24 23:06:06,966 - Trying to use logger class org.apache.velocity.runtime.log.AvalonLogChute
2013-09-24 23:06:06,966 - Target log system for org.apache.velocity.runtime.log.AvalonLogChute is not available (java.lang.NoClassDefFoundError: org/apache/log/format/Formatter).  Falling back to next log system...
2013-09-24 23:06:06,966 - Trying to use logger class org.apache.velocity.runtime.log.Log4JLogChute
2013-09-24 23:06:06,966 - Using logger class org.apache.velocity.runtime.log.Log4JLogChute
2013-09-24 23:06:10,344 - ResourceLoader instantiated: org.apache.velocity.runtime.resource.loader.FileResourceLoader
2013-09-24 23:06:10,346 - Do unicode file recognition:  false
2013-09-24 23:06:10,346 - FileResourceLoader : adding path '.'
2013-09-24 23:06:10,364 - ResourceCache: initialized (class org.apache.velocity.runtime.resource.ResourceCacheImpl) with class java.util.Collections$SynchronizedMap cache map.
2013-09-24 23:06:10,367 - Loaded System Directive: org.apache.velocity.runtime.directive.Stop
2013-09-24 23:06:10,367 - Loaded System Directive: org.apache.velocity.runtime.directive.Define
2013-09-24 23:06:10,368 - Loaded System Directive: org.apache.velocity.runtime.directive.Break
2013-09-24 23:06:10,369 - Loaded System Directive: org.apache.velocity.runtime.directive.Evaluate
2013-09-24 23:06:10,369 - Loaded System Directive: org.apache.velocity.runtime.directive.Literal
2013-09-24 23:06:10,370 - Loaded System Directive: org.apache.velocity.runtime.directive.Macro
2013-09-24 23:06:10,371 - Loaded System Directive: org.apache.velocity.runtime.directive.Parse
2013-09-24 23:06:10,372 - Loaded System Directive: org.apache.velocity.runtime.directive.Include
2013-09-24 23:06:10,372 - Loaded System Directive: org.apache.velocity.runtime.directive.Foreach
2013-09-24 23:06:10,395 - Created '20' parsers.
2013-09-24 23:06:10,400 - Velocimacro : "velocimacro.library" is not set.  Trying default library: VM_global_library.vm
2013-09-24 23:06:10,400 - Velocimacro : Default library not found.
2013-09-24 23:06:10,400 - Velocimacro : allowInline = true : VMs can be defined inline in templates
2013-09-24 23:06:10,400 - Velocimacro : allowInlineToOverride = false : VMs defined inline may NOT replace previous VM definitions
2013-09-24 23:06:10,400 - Velocimacro : allowInlineLocal = false : VMs defined inline will be global in scope if allowed.
2013-09-24 23:06:10,400 - Velocimacro : autoload off : VM system will not automatically reload global library macros
2013-09-24 23:06:10,402 - ResourceManager : unable to find resource 'weather.vm' in any resource loader.
2013-09-24 23:11:19,731 - Log4JLogChute initialized using file 'velocity.log'
2013-09-24 23:11:19,731 - Initializing Velocity, Calling init()...
2013-09-24 23:11:19,731 - Starting Apache Velocity v1.7 (compiled: 2010-11-19 12:14:37)
2013-09-24 23:11:19,731 - Default Properties File: org\apache\velocity\runtime\defaults\velocity.properties
2013-09-24 23:11:19,731 - Trying to use logger class org.apache.velocity.runtime.log.AvalonLogChute
2013-09-24 23:11:19,731 - Target log system for org.apache.velocity.runtime.log.AvalonLogChute is not available (java.lang.NoClassDefFoundError: org/apache/log/format/Formatter).  Falling back to next log system...
2013-09-24 23:11:19,731 - Trying to use logger class org.apache.velocity.runtime.log.Log4JLogChute
2013-09-24 23:11:19,731 - Using logger class org.apache.velocity.runtime.log.Log4JLogChute
2013-09-24 23:11:19,734 - ResourceLoader instantiated: org.apache.velocity.runtime.resource.loader.FileResourceLoader
2013-09-24 23:11:19,734 - Do unicode file recognition:  false
2013-09-24 23:11:19,734 - FileResourceLoader : adding path '.'
2013-09-24 23:11:19,742 - ResourceCache: initialized (class org.apache.velocity.runtime.resource.ResourceCacheImpl) with class java.util.Collections$SynchronizedMap cache map.
2013-09-24 23:11:19,742 - Loaded System Directive: org.apache.velocity.runtime.directive.Stop
2013-09-24 23:11:19,743 - Loaded System Directive: org.apache.velocity.runtime.directive.Define
2013-09-24 23:11:19,744 - Loaded System Directive: org.apache.velocity.runtime.directive.Break
2013-09-24 23:11:19,744 - Loaded System Directive: org.apache.velocity.runtime.directive.Evaluate
2013-09-24 23:11:19,744 - Loaded System Directive: org.apache.velocity.runtime.directive.Literal
2013-09-24 23:11:19,745 - Loaded System Directive: org.apache.velocity.runtime.directive.Macro
2013-09-24 23:11:19,746 - Loaded System Directive: org.apache.velocity.runtime.directive.Parse
2013-09-24 23:11:19,746 - Loaded System Directive: org.apache.velocity.runtime.directive.Include
2013-09-24 23:11:19,747 - Loaded System Directive: org.apache.velocity.runtime.directive.Foreach
2013-09-24 23:11:19,766 - Created '20' parsers.
2013-09-24 23:11:19,769 - Velocimacro : "velocimacro.library" is not set.  Trying default library: VM_global_library.vm
2013-09-24 23:11:19,769 - Velocimacro : Default library not found.
2013-09-24 23:11:19,769 - Velocimacro : allowInline = true : VMs can be defined inline in templates
2013-09-24 23:11:19,769 - Velocimacro : allowInlineToOverride = false : VMs defined inline may NOT replace previous VM definitions
2013-09-24 23:11:19,769 - Velocimacro : allowInlineLocal = false : VMs defined inline will be global in scope if allowed.
2013-09-24 23:11:19,769 - Velocimacro : autoload off : VM system will not automatically reload global library macros
2013-09-24 23:11:19,771 - ResourceManager : unable to find resource 'weather.vm' in any resource loader.
2013-09-24 23:21:40,003 - Log4JLogChute initialized using file 'velocity.log'
2013-09-24 23:21:40,003 - Initializing Velocity, Calling init()...
2013-09-24 23:21:40,003 - Starting Apache Velocity v1.7 (compiled: 2010-11-19 12:14:37)
2013-09-24 23:21:40,003 - Default Properties File: org\apache\velocity\runtime\defaults\velocity.properties
2013-09-24 23:21:40,003 - Trying to use logger class org.apache.velocity.runtime.log.AvalonLogChute
2013-09-24 23:21:40,003 - Target log system for org.apache.velocity.runtime.log.AvalonLogChute is not available (java.lang.NoClassDefFoundError: org/apache/log/format/Formatter).  Falling back to next log system...
2013-09-24 23:21:40,003 - Trying to use logger class org.apache.velocity.runtime.log.Log4JLogChute
2013-09-24 23:21:40,003 - Using logger class org.apache.velocity.runtime.log.Log4JLogChute
2013-09-24 23:21:40,006 - ResourceLoader instantiated: org.apache.velocity.runtime.resource.loader.FileResourceLoader
2013-09-24 23:21:40,007 - Do unicode file recognition:  false
2013-09-24 23:21:40,007 - FileResourceLoader : adding path '.'
2013-09-24 23:21:40,014 - ResourceCache: initialized (class org.apache.velocity.runtime.resource.ResourceCacheImpl) with class java.util.Collections$SynchronizedMap cache map.
2013-09-24 23:21:40,015 - Loaded System Directive: org.apache.velocity.runtime.directive.Stop
2013-09-24 23:21:40,016 - Loaded System Directive: org.apache.velocity.runtime.directive.Define
2013-09-24 23:21:40,016 - Loaded System Directive: org.apache.velocity.runtime.directive.Break
2013-09-24 23:21:40,017 - Loaded System Directive: org.apache.velocity.runtime.directive.Evaluate
2013-09-24 23:21:40,017 - Loaded System Directive: org.apache.velocity.runtime.directive.Literal
2013-09-24 23:21:40,018 - Loaded System Directive: org.apache.velocity.runtime.directive.Macro
2013-09-24 23:21:40,018 - Loaded System Directive: org.apache.velocity.runtime.directive.Parse
2013-09-24 23:21:40,019 - Loaded System Directive: org.apache.velocity.runtime.directive.Include
2013-09-24 23:21:40,020 - Loaded System Directive: org.apache.velocity.runtime.directive.Foreach
2013-09-24 23:21:40,038 - Created '20' parsers.
2013-09-24 23:21:40,041 - Velocimacro : "velocimacro.library" is not set.  Trying default library: VM_global_library.vm
2013-09-24 23:21:40,041 - Velocimacro : Default library not found.
2013-09-24 23:21:40,041 - Velocimacro : allowInline = true : VMs can be defined inline in templates
2013-09-24 23:21:40,041 - Velocimacro : allowInlineToOverride = false : VMs defined inline may NOT replace previous VM definitions
2013-09-24 23:21:40,042 - Velocimacro : allowInlineLocal = false : VMs defined inline will be global in scope if allowed.
2013-09-24 23:21:40,042 - Velocimacro : autoload off : VM system will not automatically reload global library macros
2013-09-24 23:21:40,042 - ResourceManager : unable to find resource 'weather.vm' in any resource loader.
2013-09-24 23:22:15,009 - Log4JLogChute initialized using file 'velocity.log'
2013-09-24 23:22:15,009 - Initializing Velocity, Calling init()...
2013-09-24 23:22:15,010 - Starting Apache Velocity v1.7 (compiled: 2010-11-19 12:14:37)
2013-09-24 23:22:15,010 - Default Properties File: org\apache\velocity\runtime\defaults\velocity.properties
2013-09-24 23:22:15,010 - Trying to use logger class org.apache.velocity.runtime.log.AvalonLogChute
2013-09-24 23:22:15,010 - Target log system for org.apache.velocity.runtime.log.AvalonLogChute is not available (java.lang.NoClassDefFoundError: org/apache/log/format/Formatter).  Falling back to next log system...
2013-09-24 23:22:15,010 - Trying to use logger class org.apache.velocity.runtime.log.Log4JLogChute
2013-09-24 23:22:15,010 - Using logger class org.apache.velocity.runtime.log.Log4JLogChute
2013-09-24 23:22:15,013 - ResourceLoader instantiated: org.apache.velocity.runtime.resource.loader.FileResourceLoader
2013-09-24 23:22:15,013 - Do unicode file recognition:  false
2013-09-24 23:22:15,013 - FileResourceLoader : adding path '.'
2013-09-24 23:22:15,021 - ResourceCache: initialized (class org.apache.velocity.runtime.resource.ResourceCacheImpl) with class java.util.Collections$SynchronizedMap cache map.
2013-09-24 23:22:15,022 - Loaded System Directive: org.apache.velocity.runtime.directive.Stop
2013-09-24 23:22:15,022 - Loaded System Directive: org.apache.velocity.runtime.directive.Define
2013-09-24 23:22:15,023 - Loaded System Directive: org.apache.velocity.runtime.directive.Break
2013-09-24 23:22:15,023 - Loaded System Directive: org.apache.velocity.runtime.directive.Evaluate
2013-09-24 23:22:15,023 - Loaded System Directive: org.apache.velocity.runtime.directive.Literal
2013-09-24 23:22:15,024 - Loaded System Directive: org.apache.velocity.runtime.directive.Macro
2013-09-24 23:22:15,025 - Loaded System Directive: org.apache.velocity.runtime.directive.Parse
2013-09-24 23:22:15,026 - Loaded System Directive: org.apache.velocity.runtime.directive.Include
2013-09-24 23:22:15,026 - Loaded System Directive: org.apache.velocity.runtime.directive.Foreach
2013-09-24 23:22:15,044 - Created '20' parsers.
2013-09-24 23:22:15,048 - Velocimacro : "velocimacro.library" is not set.  Trying default library: VM_global_library.vm
2013-09-24 23:22:15,048 - Velocimacro : Default library not found.
2013-09-24 23:22:15,048 - Velocimacro : allowInline = true : VMs can be defined inline in templates
2013-09-24 23:22:15,048 - Velocimacro : allowInlineToOverride = false : VMs defined inline may NOT replace previous VM definitions
2013-09-24 23:22:15,048 - Velocimacro : allowInlineLocal = false : VMs defined inline will be global in scope if allowed.
2013-09-24 23:22:15,048 - Velocimacro : autoload off : VM system will not automatically reload global library macros
2013-09-24 23:22:15,055 - ResourceManager : found /src/main/resources/weather.vm with loader org.apache.velocity.runtime.resource.loader.FileResourceLoader
2013-09-24 23:24:17,556 - Log4JLogChute initialized using file 'velocity.log'
2013-09-24 23:24:17,556 - Initializing Velocity, Calling init()...
2013-09-24 23:24:17,557 - Starting Apache Velocity v1.7 (compiled: 2010-11-19 12:14:37)
2013-09-24 23:24:17,557 - Default Properties File: org\apache\velocity\runtime\defaults\velocity.properties
2013-09-24 23:24:17,557 - Trying to use logger class org.apache.velocity.runtime.log.AvalonLogChute
2013-09-24 23:24:17,557 - Target log system for org.apache.velocity.runtime.log.AvalonLogChute is not available (java.lang.NoClassDefFoundError: org/apache/log/format/Formatter).  Falling back to next log system...
2013-09-24 23:24:17,557 - Trying to use logger class org.apache.velocity.runtime.log.Log4JLogChute
2013-09-24 23:24:17,557 - Using logger class org.apache.velocity.runtime.log.Log4JLogChute
2013-09-24 23:24:17,560 - ResourceLoader instantiated: org.apache.velocity.runtime.resource.loader.FileResourceLoader
2013-09-24 23:24:17,560 - Do unicode file recognition:  false
2013-09-24 23:24:17,560 - FileResourceLoader : adding path '.'
2013-09-24 23:24:17,568 - ResourceCache: initialized (class org.apache.velocity.runtime.resource.ResourceCacheImpl) with class java.util.Collections$SynchronizedMap cache map.
2013-09-24 23:24:17,569 - Loaded System Directive: org.apache.velocity.runtime.directive.Stop
2013-09-24 23:24:17,569 - Loaded System Directive: org.apache.velocity.runtime.directive.Define
2013-09-24 23:24:17,570 - Loaded System Directive: org.apache.velocity.runtime.directive.Break
2013-09-24 23:24:17,570 - Loaded System Directive: org.apache.velocity.runtime.directive.Evaluate
2013-09-24 23:24:17,570 - Loaded System Directive: org.apache.velocity.runtime.directive.Literal
2013-09-24 23:24:17,571 - Loaded System Directive: org.apache.velocity.runtime.directive.Macro
2013-09-24 23:24:17,572 - Loaded System Directive: org.apache.velocity.runtime.directive.Parse
2013-09-24 23:24:17,573 - Loaded System Directive: org.apache.velocity.runtime.directive.Include
2013-09-24 23:24:17,573 - Loaded System Directive: org.apache.velocity.runtime.directive.Foreach
2013-09-24 23:24:17,591 - Created '20' parsers.
2013-09-24 23:24:17,595 - Velocimacro : "velocimacro.library" is not set.  Trying default library: VM_global_library.vm
2013-09-24 23:24:17,595 - Velocimacro : Default library not found.
2013-09-24 23:24:17,595 - Velocimacro : allowInline = true : VMs can be defined inline in templates
2013-09-24 23:24:17,595 - Velocimacro : allowInlineToOverride = false : VMs defined inline may NOT replace previous VM definitions
2013-09-24 23:24:17,595 - Velocimacro : allowInlineLocal = false : VMs defined inline will be global in scope if allowed.
2013-09-24 23:24:17,595 - Velocimacro : autoload off : VM system will not automatically reload global library macros
2013-09-24 23:24:17,599 - ResourceManager : found /src/main/resources/weather.vm with loader org.apache.velocity.runtime.resource.loader.FileResourceLoader
2013-09-24 23:29:49,856 - Log4JLogChute initialized using file 'velocity.log'
2013-09-24 23:29:49,856 - Initializing Velocity, Calling init()...
2013-09-24 23:29:49,856 - Starting Apache Velocity v1.7 (compiled: 2010-11-19 12:14:37)
2013-09-24 23:29:49,856 - Default Properties File: org\apache\velocity\runtime\defaults\velocity.properties
2013-09-24 23:29:49,856 - Trying to use logger class org.apache.velocity.runtime.log.AvalonLogChute
2013-09-24 23:29:49,856 - Target log system for org.apache.velocity.runtime.log.AvalonLogChute is not available (java.lang.NoClassDefFoundError: org/apache/log/format/Formatter).  Falling back to next log system...
2013-09-24 23:29:49,856 - Trying to use logger class org.apache.velocity.runtime.log.Log4JLogChute
2013-09-24 23:29:49,856 - Using logger class org.apache.velocity.runtime.log.Log4JLogChute
2013-09-24 23:29:49,859 - ResourceLoader instantiated: org.apache.velocity.runtime.resource.loader.FileResourceLoader
2013-09-24 23:29:49,860 - Do unicode file recognition:  false
2013-09-24 23:29:49,860 - FileResourceLoader : adding path '.'
2013-09-24 23:29:49,867 - ResourceCache: initialized (class org.apache.velocity.runtime.resource.ResourceCacheImpl) with class java.util.Collections$SynchronizedMap cache map.
2013-09-24 23:29:49,868 - Loaded System Directive: org.apache.velocity.runtime.directive.Stop
2013-09-24 23:29:49,869 - Loaded System Directive: org.apache.velocity.runtime.directive.Define
2013-09-24 23:29:49,869 - Loaded System Directive: org.apache.velocity.runtime.directive.Break
2013-09-24 23:29:49,870 - Loaded System Directive: org.apache.velocity.runtime.directive.Evaluate
2013-09-24 23:29:49,870 - Loaded System Directive: org.apache.velocity.runtime.directive.Literal
2013-09-24 23:29:49,871 - Loaded System Directive: org.apache.velocity.runtime.directive.Macro
2013-09-24 23:29:49,871 - Loaded System Directive: org.apache.velocity.runtime.directive.Parse
2013-09-24 23:29:49,872 - Loaded System Directive: org.apache.velocity.runtime.directive.Include
2013-09-24 23:29:49,873 - Loaded System Directive: org.apache.velocity.runtime.directive.Foreach
2013-09-24 23:29:49,891 - Created '20' parsers.
2013-09-24 23:29:49,895 - Velocimacro : "velocimacro.library" is not set.  Trying default library: VM_global_library.vm
2013-09-24 23:29:49,895 - Velocimacro : Default library not found.
2013-09-24 23:29:49,895 - Velocimacro : allowInline = true : VMs can be defined inline in templates
2013-09-24 23:29:49,895 - Velocimacro : allowInlineToOverride = false : VMs defined inline may NOT replace previous VM definitions
2013-09-24 23:29:49,895 - Velocimacro : allowInlineLocal = false : VMs defined inline will be global in scope if allowed.
2013-09-24 23:29:49,895 - Velocimacro : autoload off : VM system will not automatically reload global library macros
2013-09-24 23:29:49,896 - ResourceManager : unable to find resource 'classpath:weather.vm' in any resource loader.
2013-09-24 23:30:24,674 - Log4JLogChute initialized using file 'velocity.log'
2013-09-24 23:30:24,674 - Initializing Velocity, Calling init()...
2013-09-24 23:30:24,674 - Starting Apache Velocity v1.7 (compiled: 2010-11-19 12:14:37)
2013-09-24 23:30:24,674 - Default Properties File: org\apache\velocity\runtime\defaults\velocity.properties
2013-09-24 23:30:24,674 - Trying to use logger class org.apache.velocity.runtime.log.AvalonLogChute
2013-09-24 23:30:24,674 - Target log system for org.apache.velocity.runtime.log.AvalonLogChute is not available (java.lang.NoClassDefFoundError: org/apache/log/format/Formatter).  Falling back to next log system...
2013-09-24 23:30:24,674 - Trying to use logger class org.apache.velocity.runtime.log.Log4JLogChute
2013-09-24 23:30:24,674 - Using logger class org.apache.velocity.runtime.log.Log4JLogChute
2013-09-24 23:30:24,677 - ResourceLoader instantiated: org.apache.velocity.runtime.resource.loader.FileResourceLoader
2013-09-24 23:30:24,678 - Do unicode file recognition:  false
2013-09-24 23:30:24,678 - FileResourceLoader : adding path '.'
2013-09-24 23:30:24,685 - ResourceCache: initialized (class org.apache.velocity.runtime.resource.ResourceCacheImpl) with class java.util.Collections$SynchronizedMap cache map.
2013-09-24 23:30:24,686 - Loaded System Directive: org.apache.velocity.runtime.directive.Stop
2013-09-24 23:30:24,687 - Loaded System Directive: org.apache.velocity.runtime.directive.Define
2013-09-24 23:30:24,687 - Loaded System Directive: org.apache.velocity.runtime.directive.Break
2013-09-24 23:30:24,688 - Loaded System Directive: org.apache.velocity.runtime.directive.Evaluate
2013-09-24 23:30:24,688 - Loaded System Directive: org.apache.velocity.runtime.directive.Literal
2013-09-24 23:30:24,689 - Loaded System Directive: org.apache.velocity.runtime.directive.Macro
2013-09-24 23:30:24,690 - Loaded System Directive: org.apache.velocity.runtime.directive.Parse
2013-09-24 23:30:24,691 - Loaded System Directive: org.apache.velocity.runtime.directive.Include
2013-09-24 23:30:24,691 - Loaded System Directive: org.apache.velocity.runtime.directive.Foreach
2013-09-24 23:30:24,710 - Created '20' parsers.
2013-09-24 23:30:24,714 - Velocimacro : "velocimacro.library" is not set.  Trying default library: VM_global_library.vm
2013-09-24 23:30:24,714 - Velocimacro : Default library not found.
2013-09-24 23:30:24,714 - Velocimacro : allowInline = true : VMs can be defined inline in templates
2013-09-24 23:30:24,714 - Velocimacro : allowInlineToOverride = false : VMs defined inline may NOT replace previous VM definitions
2013-09-24 23:30:24,714 - Velocimacro : allowInlineLocal = false : VMs defined inline will be global in scope if allowed.
2013-09-24 23:30:24,714 - Velocimacro : autoload off : VM system will not automatically reload global library macros
2013-09-24 23:30:24,719 - ResourceManager : found /src/main/resources/weather.vm with loader org.apache.velocity.runtime.resource.loader.FileResourceLoader
2013-09-24 23:30:53,580 - Log4JLogChute initialized using file 'velocity.log'
2013-09-24 23:30:53,580 - Initializing Velocity, Calling init()...
2013-09-24 23:30:53,580 - Starting Apache Velocity v1.7 (compiled: 2010-11-19 12:14:37)
2013-09-24 23:30:53,580 - Default Properties File: org\apache\velocity\runtime\defaults\velocity.properties
2013-09-24 23:30:53,580 - Trying to use logger class org.apache.velocity.runtime.log.AvalonLogChute
2013-09-24 23:30:53,580 - Target log system for org.apache.velocity.runtime.log.AvalonLogChute is not available (java.lang.NoClassDefFoundError: org/apache/log/format/Formatter).  Falling back to next log system...
2013-09-24 23:30:53,580 - Trying to use logger class org.apache.velocity.runtime.log.Log4JLogChute
2013-09-24 23:30:53,580 - Using logger class org.apache.velocity.runtime.log.Log4JLogChute
2013-09-24 23:30:53,583 - ResourceLoader instantiated: org.apache.velocity.runtime.resource.loader.FileResourceLoader
2013-09-24 23:30:53,584 - Do unicode file recognition:  false
2013-09-24 23:30:53,584 - FileResourceLoader : adding path '.'
2013-09-24 23:30:53,591 - ResourceCache: initialized (class org.apache.velocity.runtime.resource.ResourceCacheImpl) with class java.util.Collections$SynchronizedMap cache map.
2013-09-24 23:30:53,592 - Loaded System Directive: org.apache.velocity.runtime.directive.Stop
2013-09-24 23:30:53,593 - Loaded System Directive: org.apache.velocity.runtime.directive.Define
2013-09-24 23:30:53,593 - Loaded System Directive: org.apache.velocity.runtime.directive.Break
2013-09-24 23:30:53,593 - Loaded System Directive: org.apache.velocity.runtime.directive.Evaluate
2013-09-24 23:30:53,594 - Loaded System Directive: org.apache.velocity.runtime.directive.Literal
2013-09-24 23:30:53,594 - Loaded System Directive: org.apache.velocity.runtime.directive.Macro
2013-09-24 23:30:53,595 - Loaded System Directive: org.apache.velocity.runtime.directive.Parse
2013-09-24 23:30:53,596 - Loaded System Directive: org.apache.velocity.runtime.directive.Include
2013-09-24 23:30:53,597 - Loaded System Directive: org.apache.velocity.runtime.directive.Foreach
2013-09-24 23:30:53,615 - Created '20' parsers.
2013-09-24 23:30:53,618 - Velocimacro : "velocimacro.library" is not set.  Trying default library: VM_global_library.vm
2013-09-24 23:30:53,618 - Velocimacro : Default library not found.
2013-09-24 23:30:53,618 - Velocimacro : allowInline = true : VMs can be defined inline in templates
2013-09-24 23:30:53,618 - Velocimacro : allowInlineToOverride = false : VMs defined inline may NOT replace previous VM definitions
2013-09-24 23:30:53,619 - Velocimacro : allowInlineLocal = false : VMs defined inline will be global in scope if allowed.
2013-09-24 23:30:53,619 - Velocimacro : autoload off : VM system will not automatically reload global library macros
2013-09-24 23:30:53,619 - ResourceManager : unable to find resource '/weather.vm' in any resource loader.
2013-09-24 23:33:56,994 - Log4JLogChute initialized using file 'velocity.log'
2013-09-24 23:33:56,995 - Initializing Velocity, Calling init()...
2013-09-24 23:33:56,995 - Starting Apache Velocity v1.7 (compiled: 2010-11-19 12:14:37)
2013-09-24 23:33:56,995 - Default Properties File: org\apache\velocity\runtime\defaults\velocity.properties
2013-09-24 23:33:56,995 - Trying to use logger class org.apache.velocity.runtime.log.AvalonLogChute
2013-09-24 23:33:56,995 - Target log system for org.apache.velocity.runtime.log.AvalonLogChute is not available (java.lang.NoClassDefFoundError: org/apache/log/format/Formatter).  Falling back to next log system...
2013-09-24 23:33:56,995 - Trying to use logger class org.apache.velocity.runtime.log.Log4JLogChute
2013-09-24 23:33:56,995 - Using logger class org.apache.velocity.runtime.log.Log4JLogChute
2013-09-24 23:33:56,998 - ResourceLoader instantiated: org.apache.velocity.runtime.resource.loader.FileResourceLoader
2013-09-24 23:33:56,999 - Do unicode file recognition:  false
2013-09-24 23:33:56,999 - FileResourceLoader : adding path '.'
2013-09-24 23:33:57,006 - ResourceCache: initialized (class org.apache.velocity.runtime.resource.ResourceCacheImpl) with class java.util.Collections$SynchronizedMap cache map.
2013-09-24 23:33:57,007 - Loaded System Directive: org.apache.velocity.runtime.directive.Stop
2013-09-24 23:33:57,008 - Loaded System Directive: org.apache.velocity.runtime.directive.Define
2013-09-24 23:33:57,008 - Loaded System Directive: org.apache.velocity.runtime.directive.Break
2013-09-24 23:33:57,009 - Loaded System Directive: org.apache.velocity.runtime.directive.Evaluate
2013-09-24 23:33:57,009 - Loaded System Directive: org.apache.velocity.runtime.directive.Literal
2013-09-24 23:33:57,010 - Loaded System Directive: org.apache.velocity.runtime.directive.Macro
2013-09-24 23:33:57,011 - Loaded System Directive: org.apache.velocity.runtime.directive.Parse
2013-09-24 23:33:57,011 - Loaded System Directive: org.apache.velocity.runtime.directive.Include
2013-09-24 23:33:57,012 - Loaded System Directive: org.apache.velocity.runtime.directive.Foreach
2013-09-24 23:33:57,030 - Created '20' parsers.
2013-09-24 23:33:57,034 - Velocimacro : "velocimacro.library" is not set.  Trying default library: VM_global_library.vm
2013-09-24 23:33:57,034 - Velocimacro : Default library not found.
2013-09-24 23:33:57,034 - Velocimacro : allowInline = true : VMs can be defined inline in templates
2013-09-24 23:33:57,034 - Velocimacro : allowInlineToOverride = false : VMs defined inline may NOT replace previous VM definitions
2013-09-24 23:33:57,034 - Velocimacro : allowInlineLocal = false : VMs defined inline will be global in scope if allowed.
2013-09-24 23:33:57,034 - Velocimacro : autoload off : VM system will not automatically reload global library macros
2013-09-24 23:33:57,038 - ResourceManager : found /src/main/resources/weather.vm with loader org.apache.velocity.runtime.resource.loader.FileResourceLoader
2013-09-25 00:13:56,082 - Log4JLogChute initialized using file 'velocity.log'
2013-09-25 00:13:56,082 - Initializing Velocity, Calling init()...
2013-09-25 00:13:56,082 - Starting Apache Velocity v1.7 (compiled: 2010-11-19 12:14:37)
2013-09-25 00:13:56,082 - Default Properties File: org\apache\velocity\runtime\defaults\velocity.properties
2013-09-25 00:13:56,082 - Trying to use logger class org.apache.velocity.runtime.log.AvalonLogChute
2013-09-25 00:13:56,082 - Target log system for org.apache.velocity.runtime.log.AvalonLogChute is not available (java.lang.NoClassDefFoundError: org/apache/log/format/Formatter).  Falling back to next log system...
2013-09-25 00:13:56,082 - Trying to use logger class org.apache.velocity.runtime.log.Log4JLogChute
2013-09-25 00:13:56,082 - Using logger class org.apache.velocity.runtime.log.Log4JLogChute
2013-09-25 00:13:56,084 - ResourceLoader instantiated: org.apache.velocity.runtime.resource.loader.ClasspathResourceLoader
2013-09-25 00:13:56,092 - ResourceCache: initialized (class org.apache.velocity.runtime.resource.ResourceCacheImpl) with class java.util.Collections$SynchronizedMap cache map.
2013-09-25 00:13:56,093 - Loaded System Directive: org.apache.velocity.runtime.directive.Stop
2013-09-25 00:13:56,094 - Loaded System Directive: org.apache.velocity.runtime.directive.Define
2013-09-25 00:13:56,094 - Loaded System Directive: org.apache.velocity.runtime.directive.Break
2013-09-25 00:13:56,095 - Loaded System Directive: org.apache.velocity.runtime.directive.Evaluate
2013-09-25 00:13:56,095 - Loaded System Directive: org.apache.velocity.runtime.directive.Literal
2013-09-25 00:13:56,096 - Loaded System Directive: org.apache.velocity.runtime.directive.Macro
2013-09-25 00:13:56,097 - Loaded System Directive: org.apache.velocity.runtime.directive.Parse
2013-09-25 00:13:56,097 - Loaded System Directive: org.apache.velocity.runtime.directive.Include
2013-09-25 00:13:56,098 - Loaded System Directive: org.apache.velocity.runtime.directive.Foreach
2013-09-25 00:13:56,116 - Created '20' parsers.
2013-09-25 00:13:56,119 - Velocimacro : "velocimacro.library" is not set.  Trying default library: VM_global_library.vm
2013-09-25 00:13:56,120 - Could not load resource 'VM_global_library.vm' from ResourceLoader org.apache.velocity.runtime.resource.loader.ClasspathResourceLoader: ClasspathResourceLoader Error: cannot find resource VM_global_library.vm
2013-09-25 00:13:56,120 - Velocimacro : Default library not found.
2013-09-25 00:13:56,120 - Velocimacro : allowInline = true : VMs can be defined inline in templates
2013-09-25 00:13:56,120 - Velocimacro : allowInlineToOverride = false : VMs defined inline may NOT replace previous VM definitions
2013-09-25 00:13:56,120 - Velocimacro : allowInlineLocal = false : VMs defined inline will be global in scope if allowed.
2013-09-25 00:13:56,120 - Velocimacro : autoload off : VM system will not automatically reload global library macros
2013-09-25 00:13:56,126 - ResourceManager : found weather.vm with loader org.apache.velocity.runtime.resource.loader.ClasspathResourceLoader
2013-09-25 00:16:01,293 - Log4JLogChute initialized using file 'velocity.log'
2013-09-25 00:16:01,293 - Initializing Velocity, Calling init()...
2013-09-25 00:16:01,293 - Starting Apache Velocity v1.7 (compiled: 2010-11-19 12:14:37)
2013-09-25 00:16:01,293 - Default Properties File: org\apache\velocity\runtime\defaults\velocity.properties
2013-09-25 00:16:01,293 - Trying to use logger class org.apache.velocity.runtime.log.AvalonLogChute
2013-09-25 00:16:01,293 - Target log system for org.apache.velocity.runtime.log.AvalonLogChute is not available (java.lang.NoClassDefFoundError: org/apache/log/format/Formatter).  Falling back to next log system...
2013-09-25 00:16:01,293 - Trying to use logger class org.apache.velocity.runtime.log.Log4JLogChute
2013-09-25 00:16:01,293 - Using logger class org.apache.velocity.runtime.log.Log4JLogChute
2013-09-25 00:16:01,295 - ResourceLoader instantiated: org.apache.velocity.runtime.resource.loader.ClasspathResourceLoader
2013-09-25 00:16:01,303 - ResourceCache: initialized (class org.apache.velocity.runtime.resource.ResourceCacheImpl) with class java.util.Collections$SynchronizedMap cache map.
2013-09-25 00:16:01,304 - Loaded System Directive: org.apache.velocity.runtime.directive.Stop
2013-09-25 00:16:01,305 - Loaded System Directive: org.apache.velocity.runtime.directive.Define
2013-09-25 00:16:01,305 - Loaded System Directive: org.apache.velocity.runtime.directive.Break
2013-09-25 00:16:01,305 - Loaded System Directive: org.apache.velocity.runtime.directive.Evaluate
2013-09-25 00:16:01,306 - Loaded System Directive: org.apache.velocity.runtime.directive.Literal
2013-09-25 00:16:01,306 - Loaded System Directive: org.apache.velocity.runtime.directive.Macro
2013-09-25 00:16:01,307 - Loaded System Directive: org.apache.velocity.runtime.directive.Parse
2013-09-25 00:16:01,308 - Loaded System Directive: org.apache.velocity.runtime.directive.Include
2013-09-25 00:16:01,308 - Loaded System Directive: org.apache.velocity.runtime.directive.Foreach
2013-09-25 00:16:01,327 - Created '20' parsers.
2013-09-25 00:16:01,330 - Velocimacro : "velocimacro.library" is not set.  Trying default library: VM_global_library.vm
2013-09-25 00:16:01,331 - Could not load resource 'VM_global_library.vm' from ResourceLoader org.apache.velocity.runtime.resource.loader.ClasspathResourceLoader: ClasspathResourceLoader Error: cannot find resource VM_global_library.vm
2013-09-25 00:16:01,331 - Velocimacro : Default library not found.
2013-09-25 00:16:01,331 - Velocimacro : allowInline = true : VMs can be defined inline in templates
2013-09-25 00:16:01,331 - Velocimacro : allowInlineToOverride = false : VMs defined inline may NOT replace previous VM definitions
2013-09-25 00:16:01,331 - Velocimacro : allowInlineLocal = false : VMs defined inline will be global in scope if allowed.
2013-09-25 00:16:01,331 - Velocimacro : autoload off : VM system will not automatically reload global library macros
2013-09-25 00:16:01,336 - ResourceManager : found weather.vm with loader org.apache.velocity.runtime.resource.loader.ClasspathResourceLoader
2013-09-25 00:16:04,623 - ResourceManager : found weather.vm with loader org.apache.velocity.runtime.resource.loader.ClasspathResourceLoader
2013-09-25 00:16:37,639 - Log4JLogChute initialized using file 'velocity.log'
2013-09-25 00:16:37,639 - Initializing Velocity, Calling init()...
2013-09-25 00:16:37,639 - Starting Apache Velocity v1.7 (compiled: 2010-11-19 12:14:37)
2013-09-25 00:16:37,639 - Default Properties File: org\apache\velocity\runtime\defaults\velocity.properties
2013-09-25 00:16:37,639 - Trying to use logger class org.apache.velocity.runtime.log.AvalonLogChute
2013-09-25 00:16:37,639 - Target log system for org.apache.velocity.runtime.log.AvalonLogChute is not available (java.lang.NoClassDefFoundError: org/apache/log/format/Formatter).  Falling back to next log system...
2013-09-25 00:16:37,639 - Trying to use logger class org.apache.velocity.runtime.log.Log4JLogChute
2013-09-25 00:16:37,639 - Using logger class org.apache.velocity.runtime.log.Log4JLogChute
2013-09-25 00:16:37,642 - ResourceLoader instantiated: org.apache.velocity.runtime.resource.loader.ClasspathResourceLoader
2013-09-25 00:16:37,650 - ResourceCache: initialized (class org.apache.velocity.runtime.resource.ResourceCacheImpl) with class java.util.Collections$SynchronizedMap cache map.
2013-09-25 00:16:37,651 - Loaded System Directive: org.apache.velocity.runtime.directive.Stop
2013-09-25 00:16:37,651 - Loaded System Directive: org.apache.velocity.runtime.directive.Define
2013-09-25 00:16:37,652 - Loaded System Directive: org.apache.velocity.runtime.directive.Break
2013-09-25 00:16:37,652 - Loaded System Directive: org.apache.velocity.runtime.directive.Evaluate
2013-09-25 00:16:37,652 - Loaded System Directive: org.apache.velocity.runtime.directive.Literal
2013-09-25 00:16:37,653 - Loaded System Directive: org.apache.velocity.runtime.directive.Macro
2013-09-25 00:16:37,654 - Loaded System Directive: org.apache.velocity.runtime.directive.Parse
2013-09-25 00:16:37,654 - Loaded System Directive: org.apache.velocity.runtime.directive.Include
2013-09-25 00:16:37,655 - Loaded System Directive: org.apache.velocity.runtime.directive.Foreach
2013-09-25 00:16:37,674 - Created '20' parsers.
2013-09-25 00:16:37,678 - Velocimacro : "velocimacro.library" is not set.  Trying default library: VM_global_library.vm
2013-09-25 00:16:37,678 - Could not load resource 'VM_global_library.vm' from ResourceLoader org.apache.velocity.runtime.resource.loader.ClasspathResourceLoader: ClasspathResourceLoader Error: cannot find resource VM_global_library.vm
2013-09-25 00:16:37,678 - Velocimacro : Default library not found.
2013-09-25 00:16:37,678 - Velocimacro : allowInline = true : VMs can be defined inline in templates
2013-09-25 00:16:37,678 - Velocimacro : allowInlineToOverride = false : VMs defined inline may NOT replace previous VM definitions
2013-09-25 00:16:37,678 - Velocimacro : allowInlineLocal = false : VMs defined inline will be global in scope if allowed.
2013-09-25 00:16:37,678 - Velocimacro : autoload off : VM system will not automatically reload global library macros
2013-09-25 00:16:37,684 - ResourceManager : found weather.vm with loader org.apache.velocity.runtime.resource.loader.ClasspathResourceLoader
2013-09-25 00:16:41,098 - ResourceManager : found weather.vm with loader org.apache.velocity.runtime.resource.loader.ClasspathResourceLoader
2013-09-25 00:21:12,232 - Log4JLogChute initialized using file 'velocity.log'
2013-09-25 00:21:12,232 - Initializing Velocity, Calling init()...
2013-09-25 00:21:12,232 - Starting Apache Velocity v1.7 (compiled: 2010-11-19 12:14:37)
2013-09-25 00:21:12,232 - Default Properties File: org\apache\velocity\runtime\defaults\velocity.properties
2013-09-25 00:21:12,232 - Trying to use logger class org.apache.velocity.runtime.log.AvalonLogChute
2013-09-25 00:21:12,232 - Target log system for org.apache.velocity.runtime.log.AvalonLogChute is not available (java.lang.NoClassDefFoundError: org/apache/log/format/Formatter).  Falling back to next log system...
2013-09-25 00:21:12,232 - Trying to use logger class org.apache.velocity.runtime.log.Log4JLogChute
2013-09-25 00:21:12,232 - Using logger class org.apache.velocity.runtime.log.Log4JLogChute
2013-09-25 00:21:12,234 - ResourceLoader instantiated: org.apache.velocity.runtime.resource.loader.ClasspathResourceLoader
2013-09-25 00:21:12,242 - ResourceCache: initialized (class org.apache.velocity.runtime.resource.ResourceCacheImpl) with class java.util.Collections$SynchronizedMap cache map.
2013-09-25 00:21:12,243 - Loaded System Directive: org.apache.velocity.runtime.directive.Stop
2013-09-25 00:21:12,244 - Loaded System Directive: org.apache.velocity.runtime.directive.Define
2013-09-25 00:21:12,244 - Loaded System Directive: org.apache.velocity.runtime.directive.Break
2013-09-25 00:21:12,245 - Loaded System Directive: org.apache.velocity.runtime.directive.Evaluate
2013-09-25 00:21:12,245 - Loaded System Directive: org.apache.velocity.runtime.directive.Literal
2013-09-25 00:21:12,246 - Loaded System Directive: org.apache.velocity.runtime.directive.Macro
2013-09-25 00:21:12,247 - Loaded System Directive: org.apache.velocity.runtime.directive.Parse
2013-09-25 00:21:12,247 - Loaded System Directive: org.apache.velocity.runtime.directive.Include
2013-09-25 00:21:12,248 - Loaded System Directive: org.apache.velocity.runtime.directive.Foreach
2013-09-25 00:21:12,268 - Created '20' parsers.
2013-09-25 00:21:12,272 - Velocimacro : "velocimacro.library" is not set.  Trying default library: VM_global_library.vm
2013-09-25 00:21:12,272 - Could not load resource 'VM_global_library.vm' from ResourceLoader org.apache.velocity.runtime.resource.loader.ClasspathResourceLoader: ClasspathResourceLoader Error: cannot find resource VM_global_library.vm
2013-09-25 00:21:12,273 - Velocimacro : Default library not found.
2013-09-25 00:21:12,273 - Velocimacro : allowInline = true : VMs can be defined inline in templates
2013-09-25 00:21:12,273 - Velocimacro : allowInlineToOverride = false : VMs defined inline may NOT replace previous VM definitions
2013-09-25 00:21:12,273 - Velocimacro : allowInlineLocal = false : VMs defined inline will be global in scope if allowed.
2013-09-25 00:21:12,273 - Velocimacro : autoload off : VM system will not automatically reload global library macros
2013-09-25 00:21:12,278 - ResourceManager : found lemon/weixin/toolkit/weather.vm with loader org.apache.velocity.runtime.resource.loader.ClasspathResourceLoader
2013-09-25 00:37:12,810 - Log4JLogChute initialized using file 'velocity.log'
2013-09-25 00:37:12,811 - Initializing Velocity, Calling init()...
2013-09-25 00:37:12,811 - Starting Apache Velocity v1.7 (compiled: 2010-11-19 12:14:37)
2013-09-25 00:37:12,811 - Default Properties File: org\apache\velocity\runtime\defaults\velocity.properties
2013-09-25 00:37:12,811 - Trying to use logger class org.apache.velocity.runtime.log.AvalonLogChute
2013-09-25 00:37:12,811 - Target log system for org.apache.velocity.runtime.log.AvalonLogChute is not available (java.lang.NoClassDefFoundError: org/apache/log/format/Formatter).  Falling back to next log system...
2013-09-25 00:37:12,811 - Trying to use logger class org.apache.velocity.runtime.log.Log4JLogChute
2013-09-25 00:37:12,811 - Using logger class org.apache.velocity.runtime.log.Log4JLogChute
2013-09-25 00:37:12,813 - ResourceLoader instantiated: org.apache.velocity.runtime.resource.loader.ClasspathResourceLoader
2013-09-25 00:37:12,821 - ResourceCache: initialized (class org.apache.velocity.runtime.resource.ResourceCacheImpl) with class java.util.Collections$SynchronizedMap cache map.
2013-09-25 00:37:12,822 - Loaded System Directive: org.apache.velocity.runtime.directive.Stop
2013-09-25 00:37:12,822 - Loaded System Directive: org.apache.velocity.runtime.directive.Define
2013-09-25 00:37:12,823 - Loaded System Directive: org.apache.velocity.runtime.directive.Break
2013-09-25 00:37:12,823 - Loaded System Directive: org.apache.velocity.runtime.directive.Evaluate
2013-09-25 00:37:12,824 - Loaded System Directive: org.apache.velocity.runtime.directive.Literal
2013-09-25 00:37:12,824 - Loaded System Directive: org.apache.velocity.runtime.directive.Macro
2013-09-25 00:37:12,825 - Loaded System Directive: org.apache.velocity.runtime.directive.Parse
2013-09-25 00:37:12,826 - Loaded System Directive: org.apache.velocity.runtime.directive.Include
2013-09-25 00:37:12,826 - Loaded System Directive: org.apache.velocity.runtime.directive.Foreach
2013-09-25 00:37:12,844 - Created '20' parsers.
2013-09-25 00:37:12,848 - Velocimacro : "velocimacro.library" is not set.  Trying default library: VM_global_library.vm
2013-09-25 00:37:12,848 - Could not load resource 'VM_global_library.vm' from ResourceLoader org.apache.velocity.runtime.resource.loader.ClasspathResourceLoader: ClasspathResourceLoader Error: cannot find resource VM_global_library.vm
2013-09-25 00:37:12,848 - Velocimacro : Default library not found.
2013-09-25 00:37:12,849 - Velocimacro : allowInline = true : VMs can be defined inline in templates
2013-09-25 00:37:12,849 - Velocimacro : allowInlineToOverride = false : VMs defined inline may NOT replace previous VM definitions
2013-09-25 00:37:12,849 - Velocimacro : allowInlineLocal = false : VMs defined inline will be global in scope if allowed.
2013-09-25 00:37:12,849 - Velocimacro : autoload off : VM system will not automatically reload global library macros
2013-09-25 00:37:12,851 - ResourceManager : unable to find resource 'lemon/weixin/toolkit/weather.vm' in any resource loader.
2013-09-25 00:37:37,013 - Log4JLogChute initialized using file 'velocity.log'
2013-09-25 00:37:37,013 - Initializing Velocity, Calling init()...
2013-09-25 00:37:37,013 - Starting Apache Velocity v1.7 (compiled: 2010-11-19 12:14:37)
2013-09-25 00:37:37,013 - Default Properties File: org\apache\velocity\runtime\defaults\velocity.properties
2013-09-25 00:37:37,013 - Trying to use logger class org.apache.velocity.runtime.log.AvalonLogChute
2013-09-25 00:37:37,013 - Target log system for org.apache.velocity.runtime.log.AvalonLogChute is not available (java.lang.NoClassDefFoundError: org/apache/log/format/Formatter).  Falling back to next log system...
2013-09-25 00:37:37,013 - Trying to use logger class org.apache.velocity.runtime.log.Log4JLogChute
2013-09-25 00:37:37,013 - Using logger class org.apache.velocity.runtime.log.Log4JLogChute
2013-09-25 00:37:37,015 - ResourceLoader instantiated: org.apache.velocity.runtime.resource.loader.ClasspathResourceLoader
2013-09-25 00:37:37,023 - ResourceCache: initialized (class org.apache.velocity.runtime.resource.ResourceCacheImpl) with class java.util.Collections$SynchronizedMap cache map.
2013-09-25 00:37:37,024 - Loaded System Directive: org.apache.velocity.runtime.directive.Stop
2013-09-25 00:37:37,025 - Loaded System Directive: org.apache.velocity.runtime.directive.Define
2013-09-25 00:37:37,025 - Loaded System Directive: org.apache.velocity.runtime.directive.Break
2013-09-25 00:37:37,026 - Loaded System Directive: org.apache.velocity.runtime.directive.Evaluate
2013-09-25 00:37:37,026 - Loaded System Directive: org.apache.velocity.runtime.directive.Literal
2013-09-25 00:37:37,027 - Loaded System Directive: org.apache.velocity.runtime.directive.Macro
2013-09-25 00:37:37,027 - Loaded System Directive: org.apache.velocity.runtime.directive.Parse
2013-09-25 00:37:37,028 - Loaded System Directive: org.apache.velocity.runtime.directive.Include
2013-09-25 00:37:37,029 - Loaded System Directive: org.apache.velocity.runtime.directive.Foreach
2013-09-25 00:37:37,047 - Created '20' parsers.
2013-09-25 00:37:37,051 - Velocimacro : "velocimacro.library" is not set.  Trying default library: VM_global_library.vm
2013-09-25 00:37:37,051 - Could not load resource 'VM_global_library.vm' from ResourceLoader org.apache.velocity.runtime.resource.loader.ClasspathResourceLoader: ClasspathResourceLoader Error: cannot find resource VM_global_library.vm
2013-09-25 00:37:37,051 - Velocimacro : Default library not found.
2013-09-25 00:37:37,051 - Velocimacro : allowInline = true : VMs can be defined inline in templates
2013-09-25 00:37:37,051 - Velocimacro : allowInlineToOverride = false : VMs defined inline may NOT replace previous VM definitions
2013-09-25 00:37:37,051 - Velocimacro : allowInlineLocal = false : VMs defined inline will be global in scope if allowed.
2013-09-25 00:37:37,051 - Velocimacro : autoload off : VM system will not automatically reload global library macros
2013-09-25 00:37:37,057 - ResourceManager : found lemon/weixin/toolkit/weather.vm with loader org.apache.velocity.runtime.resource.loader.ClasspathResourceLoader
2013-09-25 00:38:13,836 - Log4JLogChute initialized using file 'velocity.log'
2013-09-25 00:38:13,837 - Initializing Velocity, Calling init()...
2013-09-25 00:38:13,837 - Starting Apache Velocity v1.7 (compiled: 2010-11-19 12:14:37)
2013-09-25 00:38:13,837 - Default Properties File: org\apache\velocity\runtime\defaults\velocity.properties
2013-09-25 00:38:13,837 - Trying to use logger class org.apache.velocity.runtime.log.AvalonLogChute
2013-09-25 00:38:13,837 - Target log system for org.apache.velocity.runtime.log.AvalonLogChute is not available (java.lang.NoClassDefFoundError: org/apache/log/format/Formatter).  Falling back to next log system...
2013-09-25 00:38:13,837 - Trying to use logger class org.apache.velocity.runtime.log.Log4JLogChute
2013-09-25 00:38:13,837 - Using logger class org.apache.velocity.runtime.log.Log4JLogChute
2013-09-25 00:38:13,839 - ResourceLoader instantiated: org.apache.velocity.runtime.resource.loader.ClasspathResourceLoader
2013-09-25 00:38:13,847 - ResourceCache: initialized (class org.apache.velocity.runtime.resource.ResourceCacheImpl) with class java.util.Collections$SynchronizedMap cache map.
2013-09-25 00:38:13,848 - Loaded System Directive: org.apache.velocity.runtime.directive.Stop
2013-09-25 00:38:13,848 - Loaded System Directive: org.apache.velocity.runtime.directive.Define
2013-09-25 00:38:13,849 - Loaded System Directive: org.apache.velocity.runtime.directive.Break
2013-09-25 00:38:13,849 - Loaded System Directive: org.apache.velocity.runtime.directive.Evaluate
2013-09-25 00:38:13,849 - Loaded System Directive: org.apache.velocity.runtime.directive.Literal
2013-09-25 00:38:13,850 - Loaded System Directive: org.apache.velocity.runtime.directive.Macro
2013-09-25 00:38:13,851 - Loaded System Directive: org.apache.velocity.runtime.directive.Parse
2013-09-25 00:38:13,852 - Loaded System Directive: org.apache.velocity.runtime.directive.Include
2013-09-25 00:38:13,852 - Loaded System Directive: org.apache.velocity.runtime.directive.Foreach
2013-09-25 00:38:13,870 - Created '20' parsers.
2013-09-25 00:38:13,873 - Velocimacro : "velocimacro.library" is not set.  Trying default library: VM_global_library.vm
2013-09-25 00:38:13,874 - Could not load resource 'VM_global_library.vm' from ResourceLoader org.apache.velocity.runtime.resource.loader.ClasspathResourceLoader: ClasspathResourceLoader Error: cannot find resource VM_global_library.vm
2013-09-25 00:38:13,874 - Velocimacro : Default library not found.
2013-09-25 00:38:13,874 - Velocimacro : allowInline = true : VMs can be defined inline in templates
2013-09-25 00:38:13,874 - Velocimacro : allowInlineToOverride = false : VMs defined inline may NOT replace previous VM definitions
2013-09-25 00:38:13,874 - Velocimacro : allowInlineLocal = false : VMs defined inline will be global in scope if allowed.
2013-09-25 00:38:13,874 - Velocimacro : autoload off : VM system will not automatically reload global library macros
2013-09-25 00:38:13,880 - ResourceManager : found lemon/weixin/toolkit/weather.vm with loader org.apache.velocity.runtime.resource.loader.ClasspathResourceLoader
2013-09-25 00:39:19,168 - Log4JLogChute initialized using file 'velocity.log'
2013-09-25 00:39:19,168 - Initializing Velocity, Calling init()...
2013-09-25 00:39:19,168 - Starting Apache Velocity v1.7 (compiled: 2010-11-19 12:14:37)
2013-09-25 00:39:19,168 - Default Properties File: org\apache\velocity\runtime\defaults\velocity.properties
2013-09-25 00:39:19,168 - Trying to use logger class org.apache.velocity.runtime.log.AvalonLogChute
2013-09-25 00:39:19,168 - Target log system for org.apache.velocity.runtime.log.AvalonLogChute is not available (java.lang.NoClassDefFoundError: org/apache/log/format/Formatter).  Falling back to next log system...
2013-09-25 00:39:19,169 - Trying to use logger class org.apache.velocity.runtime.log.Log4JLogChute
2013-09-25 00:39:19,169 - Using logger class org.apache.velocity.runtime.log.Log4JLogChute
2013-09-25 00:39:19,171 - ResourceLoader instantiated: org.apache.velocity.runtime.resource.loader.ClasspathResourceLoader
2013-09-25 00:39:19,180 - ResourceCache: initialized (class org.apache.velocity.runtime.resource.ResourceCacheImpl) with class java.util.Collections$SynchronizedMap cache map.
2013-09-25 00:39:19,180 - Loaded System Directive: org.apache.velocity.runtime.directive.Stop
2013-09-25 00:39:19,181 - Loaded System Directive: org.apache.velocity.runtime.directive.Define
2013-09-25 00:39:19,181 - Loaded System Directive: org.apache.velocity.runtime.directive.Break
2013-09-25 00:39:19,182 - Loaded System Directive: org.apache.velocity.runtime.directive.Evaluate
2013-09-25 00:39:19,182 - Loaded System Directive: org.apache.velocity.runtime.directive.Literal
2013-09-25 00:39:19,183 - Loaded System Directive: org.apache.velocity.runtime.directive.Macro
2013-09-25 00:39:19,184 - Loaded System Directive: org.apache.velocity.runtime.directive.Parse
2013-09-25 00:39:19,184 - Loaded System Directive: org.apache.velocity.runtime.directive.Include
2013-09-25 00:39:19,185 - Loaded System Directive: org.apache.velocity.runtime.directive.Foreach
2013-09-25 00:39:19,204 - Created '20' parsers.
2013-09-25 00:39:19,207 - Velocimacro : "velocimacro.library" is not set.  Trying default library: VM_global_library.vm
2013-09-25 00:39:19,208 - Could not load resource 'VM_global_library.vm' from ResourceLoader org.apache.velocity.runtime.resource.loader.ClasspathResourceLoader: ClasspathResourceLoader Error: cannot find resource VM_global_library.vm
2013-09-25 00:39:19,208 - Velocimacro : Default library not found.
2013-09-25 00:39:19,208 - Velocimacro : allowInline = true : VMs can be defined inline in templates
2013-09-25 00:39:19,208 - Velocimacro : allowInlineToOverride = false : VMs defined inline may NOT replace previous VM definitions
2013-09-25 00:39:19,208 - Velocimacro : allowInlineLocal = false : VMs defined inline will be global in scope if allowed.
2013-09-25 00:39:19,208 - Velocimacro : autoload off : VM system will not automatically reload global library macros
2013-09-25 00:39:19,212 - ResourceManager : found lemon/weixin/toolkit/weather.xml with loader org.apache.velocity.runtime.resource.loader.ClasspathResourceLoader
2013-09-25 00:39:45,567 - Log4JLogChute initialized using file 'velocity.log'
2013-09-25 00:39:45,568 - Initializing Velocity, Calling init()...
2013-09-25 00:39:45,568 - Starting Apache Velocity v1.7 (compiled: 2010-11-19 12:14:37)
2013-09-25 00:39:45,568 - Default Properties File: org\apache\velocity\runtime\defaults\velocity.properties
2013-09-25 00:39:45,568 - Trying to use logger class org.apache.velocity.runtime.log.AvalonLogChute
2013-09-25 00:39:45,568 - Target log system for org.apache.velocity.runtime.log.AvalonLogChute is not available (java.lang.NoClassDefFoundError: org/apache/log/format/Formatter).  Falling back to next log system...
2013-09-25 00:39:45,568 - Trying to use logger class org.apache.velocity.runtime.log.Log4JLogChute
2013-09-25 00:39:45,568 - Using logger class org.apache.velocity.runtime.log.Log4JLogChute
2013-09-25 00:39:45,570 - ResourceLoader instantiated: org.apache.velocity.runtime.resource.loader.ClasspathResourceLoader
2013-09-25 00:39:45,578 - ResourceCache: initialized (class org.apache.velocity.runtime.resource.ResourceCacheImpl) with class java.util.Collections$SynchronizedMap cache map.
2013-09-25 00:39:45,579 - Loaded System Directive: org.apache.velocity.runtime.directive.Stop
2013-09-25 00:39:45,580 - Loaded System Directive: org.apache.velocity.runtime.directive.Define
2013-09-25 00:39:45,580 - Loaded System Directive: org.apache.velocity.runtime.directive.Break
2013-09-25 00:39:45,580 - Loaded System Directive: org.apache.velocity.runtime.directive.Evaluate
2013-09-25 00:39:45,581 - Loaded System Directive: org.apache.velocity.runtime.directive.Literal
2013-09-25 00:39:45,581 - Loaded System Directive: org.apache.velocity.runtime.directive.Macro
2013-09-25 00:39:45,582 - Loaded System Directive: org.apache.velocity.runtime.directive.Parse
2013-09-25 00:39:45,583 - Loaded System Directive: org.apache.velocity.runtime.directive.Include
2013-09-25 00:39:45,584 - Loaded System Directive: org.apache.velocity.runtime.directive.Foreach
2013-09-25 00:39:45,601 - Created '20' parsers.
2013-09-25 00:39:45,605 - Velocimacro : "velocimacro.library" is not set.  Trying default library: VM_global_library.vm
2013-09-25 00:39:45,605 - Could not load resource 'VM_global_library.vm' from ResourceLoader org.apache.velocity.runtime.resource.loader.ClasspathResourceLoader: ClasspathResourceLoader Error: cannot find resource VM_global_library.vm
2013-09-25 00:39:45,605 - Velocimacro : Default library not found.
2013-09-25 00:39:45,605 - Velocimacro : allowInline = true : VMs can be defined inline in templates
2013-09-25 00:39:45,606 - Velocimacro : allowInlineToOverride = false : VMs defined inline may NOT replace previous VM definitions
2013-09-25 00:39:45,606 - Velocimacro : allowInlineLocal = false : VMs defined inline will be global in scope if allowed.
2013-09-25 00:39:45,606 - Velocimacro : autoload off : VM system will not automatically reload global library macros
2013-09-25 00:39:45,609 - ResourceManager : found lemon/weixin/toolkit/weather.xml with loader org.apache.velocity.runtime.resource.loader.ClasspathResourceLoader
2013-09-25 00:40:18,161 - Log4JLogChute initialized using file 'velocity.log'
2013-09-25 00:40:18,161 - Initializing Velocity, Calling init()...
2013-09-25 00:40:18,161 - Starting Apache Velocity v1.7 (compiled: 2010-11-19 12:14:37)
2013-09-25 00:40:18,161 - Default Properties File: org\apache\velocity\runtime\defaults\velocity.properties
2013-09-25 00:40:18,161 - Trying to use logger class org.apache.velocity.runtime.log.AvalonLogChute
2013-09-25 00:40:18,161 - Target log system for org.apache.velocity.runtime.log.AvalonLogChute is not available (java.lang.NoClassDefFoundError: org/apache/log/format/Formatter).  Falling back to next log system...
2013-09-25 00:40:18,161 - Trying to use logger class org.apache.velocity.runtime.log.Log4JLogChute
2013-09-25 00:40:18,161 - Using logger class org.apache.velocity.runtime.log.Log4JLogChute
2013-09-25 00:40:18,164 - ResourceLoader instantiated: org.apache.velocity.runtime.resource.loader.ClasspathResourceLoader
2013-09-25 00:40:18,172 - ResourceCache: initialized (class org.apache.velocity.runtime.resource.ResourceCacheImpl) with class java.util.Collections$SynchronizedMap cache map.
2013-09-25 00:40:18,173 - Loaded System Directive: org.apache.velocity.runtime.directive.Stop
2013-09-25 00:40:18,173 - Loaded System Directive: org.apache.velocity.runtime.directive.Define
2013-09-25 00:40:18,174 - Loaded System Directive: org.apache.velocity.runtime.directive.Break
2013-09-25 00:40:18,174 - Loaded System Directive: org.apache.velocity.runtime.directive.Evaluate
2013-09-25 00:40:18,174 - Loaded System Directive: org.apache.velocity.runtime.directive.Literal
2013-09-25 00:40:18,175 - Loaded System Directive: org.apache.velocity.runtime.directive.Macro
2013-09-25 00:40:18,176 - Loaded System Directive: org.apache.velocity.runtime.directive.Parse
2013-09-25 00:40:18,177 - Loaded System Directive: org.apache.velocity.runtime.directive.Include
2013-09-25 00:40:18,177 - Loaded System Directive: org.apache.velocity.runtime.directive.Foreach
2013-09-25 00:40:18,196 - Created '20' parsers.
2013-09-25 00:40:18,200 - Velocimacro : "velocimacro.library" is not set.  Trying default library: VM_global_library.vm
2013-09-25 00:40:18,200 - Could not load resource 'VM_global_library.vm' from ResourceLoader org.apache.velocity.runtime.resource.loader.ClasspathResourceLoader: ClasspathResourceLoader Error: cannot find resource VM_global_library.vm
2013-09-25 00:40:18,200 - Velocimacro : Default library not found.
2013-09-25 00:40:18,200 - Velocimacro : allowInline = true : VMs can be defined inline in templates
2013-09-25 00:40:18,201 - Velocimacro : allowInlineToOverride = false : VMs defined inline may NOT replace previous VM definitions
2013-09-25 00:40:18,201 - Velocimacro : allowInlineLocal = false : VMs defined inline will be global in scope if allowed.
2013-09-25 00:40:18,201 - Velocimacro : autoload off : VM system will not automatically reload global library macros
2013-09-25 00:40:18,207 - ResourceManager : found lemon/weixin/toolkit/weather.xml with loader org.apache.velocity.runtime.resource.loader.ClasspathResourceLoader
2013-09-25 00:41:55,819 - Log4JLogChute initialized using file 'velocity.log'
2013-09-25 00:41:55,819 - Initializing Velocity, Calling init()...
2013-09-25 00:41:55,819 - Starting Apache Velocity v1.7 (compiled: 2010-11-19 12:14:37)
2013-09-25 00:41:55,819 - Default Properties File: org\apache\velocity\runtime\defaults\velocity.properties
2013-09-25 00:41:55,819 - Trying to use logger class org.apache.velocity.runtime.log.AvalonLogChute
2013-09-25 00:41:55,819 - Target log system for org.apache.velocity.runtime.log.AvalonLogChute is not available (java.lang.NoClassDefFoundError: org/apache/log/format/Formatter).  Falling back to next log system...
2013-09-25 00:41:55,819 - Trying to use logger class org.apache.velocity.runtime.log.Log4JLogChute
2013-09-25 00:41:55,819 - Using logger class org.apache.velocity.runtime.log.Log4JLogChute
2013-09-25 00:41:55,822 - ResourceLoader instantiated: org.apache.velocity.runtime.resource.loader.ClasspathResourceLoader
2013-09-25 00:41:55,830 - ResourceCache: initialized (class org.apache.velocity.runtime.resource.ResourceCacheImpl) with class java.util.Collections$SynchronizedMap cache map.
2013-09-25 00:41:55,838 - Loaded System Directive: org.apache.velocity.runtime.directive.Stop
2013-09-25 00:41:55,839 - Loaded System Directive: org.apache.velocity.runtime.directive.Define
2013-09-25 00:41:55,839 - Loaded System Directive: org.apache.velocity.runtime.directive.Break
2013-09-25 00:41:55,840 - Loaded System Directive: org.apache.velocity.runtime.directive.Evaluate
2013-09-25 00:41:55,840 - Loaded System Directive: org.apache.velocity.runtime.directive.Literal
2013-09-25 00:41:55,841 - Loaded System Directive: org.apache.velocity.runtime.directive.Macro
2013-09-25 00:41:55,841 - Loaded System Directive: org.apache.velocity.runtime.directive.Parse
2013-09-25 00:41:55,842 - Loaded System Directive: org.apache.velocity.runtime.directive.Include
2013-09-25 00:41:55,843 - Loaded System Directive: org.apache.velocity.runtime.directive.Foreach
2013-09-25 00:41:55,861 - Created '20' parsers.
2013-09-25 00:41:55,865 - Velocimacro : "velocimacro.library" is not set.  Trying default library: VM_global_library.vm
2013-09-25 00:41:55,865 - Could not load resource 'VM_global_library.vm' from ResourceLoader org.apache.velocity.runtime.resource.loader.ClasspathResourceLoader: ClasspathResourceLoader Error: cannot find resource VM_global_library.vm
2013-09-25 00:41:55,865 - Velocimacro : Default library not found.
2013-09-25 00:41:55,865 - Velocimacro : allowInline = true : VMs can be defined inline in templates
2013-09-25 00:41:55,865 - Velocimacro : allowInlineToOverride = false : VMs defined inline may NOT replace previous VM definitions
2013-09-25 00:41:55,866 - Velocimacro : allowInlineLocal = false : VMs defined inline will be global in scope if allowed.
2013-09-25 00:41:55,866 - Velocimacro : autoload off : VM system will not automatically reload global library macros
2013-09-25 00:41:55,873 - ResourceManager : found lemon/weixin/toolkit/weather.xml with loader org.apache.velocity.runtime.resource.loader.ClasspathResourceLoader
2013-09-25 00:47:43,065 - Log4JLogChute initialized using file 'velocity.log'
2013-09-25 00:47:43,066 - Initializing Velocity, Calling init()...
2013-09-25 00:47:43,066 - Starting Apache Velocity v1.7 (compiled: 2010-11-19 12:14:37)
2013-09-25 00:47:43,066 - Default Properties File: org\apache\velocity\runtime\defaults\velocity.properties
2013-09-25 00:47:43,066 - Trying to use logger class org.apache.velocity.runtime.log.AvalonLogChute
2013-09-25 00:47:43,066 - Target log system for org.apache.velocity.runtime.log.AvalonLogChute is not available (java.lang.NoClassDefFoundError: org/apache/log/format/Formatter).  Falling back to next log system...
2013-09-25 00:47:43,066 - Trying to use logger class org.apache.velocity.runtime.log.Log4JLogChute
2013-09-25 00:47:43,066 - Using logger class org.apache.velocity.runtime.log.Log4JLogChute
2013-09-25 00:47:43,068 - ResourceLoader instantiated: org.apache.velocity.runtime.resource.loader.ClasspathResourceLoader
2013-09-25 00:47:43,095 - ResourceCache: initialized (class org.apache.velocity.runtime.resource.ResourceCacheImpl) with class java.util.Collections$SynchronizedMap cache map.
2013-09-25 00:47:43,096 - Loaded System Directive: org.apache.velocity.runtime.directive.Stop
2013-09-25 00:47:43,096 - Loaded System Directive: org.apache.velocity.runtime.directive.Define
2013-09-25 00:47:43,097 - Loaded System Directive: org.apache.velocity.runtime.directive.Break
2013-09-25 00:47:43,097 - Loaded System Directive: org.apache.velocity.runtime.directive.Evaluate
2013-09-25 00:47:43,098 - Loaded System Directive: org.apache.velocity.runtime.directive.Literal
2013-09-25 00:47:43,098 - Loaded System Directive: org.apache.velocity.runtime.directive.Macro
2013-09-25 00:47:43,099 - Loaded System Directive: org.apache.velocity.runtime.directive.Parse
2013-09-25 00:47:43,100 - Loaded System Directive: org.apache.velocity.runtime.directive.Include
2013-09-25 00:47:43,100 - Loaded System Directive: org.apache.velocity.runtime.directive.Foreach
2013-09-25 00:47:43,121 - Created '20' parsers.
2013-09-25 00:47:43,125 - Velocimacro : "velocimacro.library" is not set.  Trying default library: VM_global_library.vm
2013-09-25 00:47:43,125 - Could not load resource 'VM_global_library.vm' from ResourceLoader org.apache.velocity.runtime.resource.loader.ClasspathResourceLoader: ClasspathResourceLoader Error: cannot find resource VM_global_library.vm
2013-09-25 00:47:43,126 - Velocimacro : Default library not found.
2013-09-25 00:47:43,126 - Velocimacro : allowInline = true : VMs can be defined inline in templates
2013-09-25 00:47:43,126 - Velocimacro : allowInlineToOverride = false : VMs defined inline may NOT replace previous VM definitions
2013-09-25 00:47:43,126 - Velocimacro : allowInlineLocal = false : VMs defined inline will be global in scope if allowed.
2013-09-25 00:47:43,126 - Velocimacro : autoload off : VM system will not automatically reload global library macros
2013-09-25 00:47:43,135 - ResourceManager : found lemon/weixin/toolkit/weather.xml with loader org.apache.velocity.runtime.resource.loader.ClasspathResourceLoader
2013-09-25 00:47:43,139 - Null reference [template 'lemon/weixin/toolkit/weather.xml', line 10, column 11] : $days.length cannot be resolved.
2013-09-25 00:49:08,064 - Log4JLogChute initialized using file 'velocity.log'
2013-09-25 00:49:08,064 - Initializing Velocity, Calling init()...
2013-09-25 00:49:08,064 - Starting Apache Velocity v1.7 (compiled: 2010-11-19 12:14:37)
2013-09-25 00:49:08,065 - Default Properties File: org\apache\velocity\runtime\defaults\velocity.properties
2013-09-25 00:49:08,065 - Trying to use logger class org.apache.velocity.runtime.log.AvalonLogChute
2013-09-25 00:49:08,065 - Target log system for org.apache.velocity.runtime.log.AvalonLogChute is not available (java.lang.NoClassDefFoundError: org/apache/log/format/Formatter).  Falling back to next log system...
2013-09-25 00:49:08,065 - Trying to use logger class org.apache.velocity.runtime.log.Log4JLogChute
2013-09-25 00:49:08,065 - Using logger class org.apache.velocity.runtime.log.Log4JLogChute
2013-09-25 00:49:08,067 - ResourceLoader instantiated: org.apache.velocity.runtime.resource.loader.ClasspathResourceLoader
2013-09-25 00:49:08,075 - ResourceCache: initialized (class org.apache.velocity.runtime.resource.ResourceCacheImpl) with class java.util.Collections$SynchronizedMap cache map.
2013-09-25 00:49:08,076 - Loaded System Directive: org.apache.velocity.runtime.directive.Stop
2013-09-25 00:49:08,076 - Loaded System Directive: org.apache.velocity.runtime.directive.Define
2013-09-25 00:49:08,077 - Loaded System Directive: org.apache.velocity.runtime.directive.Break
2013-09-25 00:49:08,077 - Loaded System Directive: org.apache.velocity.runtime.directive.Evaluate
2013-09-25 00:49:08,078 - Loaded System Directive: org.apache.velocity.runtime.directive.Literal
2013-09-25 00:49:08,078 - Loaded System Directive: org.apache.velocity.runtime.directive.Macro
2013-09-25 00:49:08,079 - Loaded System Directive: org.apache.velocity.runtime.directive.Parse
2013-09-25 00:49:08,080 - Loaded System Directive: org.apache.velocity.runtime.directive.Include
2013-09-25 00:49:08,080 - Loaded System Directive: org.apache.velocity.runtime.directive.Foreach
2013-09-25 00:49:08,098 - Created '20' parsers.
2013-09-25 00:49:08,102 - Velocimacro : "velocimacro.library" is not set.  Trying default library: VM_global_library.vm
2013-09-25 00:49:08,102 - Could not load resource 'VM_global_library.vm' from ResourceLoader org.apache.velocity.runtime.resource.loader.ClasspathResourceLoader: ClasspathResourceLoader Error: cannot find resource VM_global_library.vm
2013-09-25 00:49:08,102 - Velocimacro : Default library not found.
2013-09-25 00:49:08,102 - Velocimacro : allowInline = true : VMs can be defined inline in templates
2013-09-25 00:49:08,102 - Velocimacro : allowInlineToOverride = false : VMs defined inline may NOT replace previous VM definitions
2013-09-25 00:49:08,102 - Velocimacro : allowInlineLocal = false : VMs defined inline will be global in scope if allowed.
2013-09-25 00:49:08,103 - Velocimacro : autoload off : VM system will not automatically reload global library macros
2013-09-25 00:49:08,111 - ResourceManager : found lemon/weixin/toolkit/weather.xml with loader org.apache.velocity.runtime.resource.loader.ClasspathResourceLoader
2013-09-25 00:49:08,115 - Null reference [template 'lemon/weixin/toolkit/weather.xml', line 2, column 24] : $msg.fromUserName cannot be resolved.
2013-09-25 00:49:08,115 - Null reference [template 'lemon/weixin/toolkit/weather.xml', line 3, column 26] : $msg.toUserName cannot be resolved.
2013-09-25 00:49:08,115 - Null reference [template 'lemon/weixin/toolkit/weather.xml', line 10, column 11] : ${days.length} cannot be resolved.
2013-09-25 00:50:11,815 - Log4JLogChute initialized using file 'velocity.log'
2013-09-25 00:50:11,815 - Initializing Velocity, Calling init()...
2013-09-25 00:50:11,815 - Starting Apache Velocity v1.7 (compiled: 2010-11-19 12:14:37)
2013-09-25 00:50:11,815 - Default Properties File: org\apache\velocity\runtime\defaults\velocity.properties
2013-09-25 00:50:11,815 - Trying to use logger class org.apache.velocity.runtime.log.AvalonLogChute
2013-09-25 00:50:11,815 - Target log system for org.apache.velocity.runtime.log.AvalonLogChute is not available (java.lang.NoClassDefFoundError: org/apache/log/format/Formatter).  Falling back to next log system...
2013-09-25 00:50:11,816 - Trying to use logger class org.apache.velocity.runtime.log.Log4JLogChute
2013-09-25 00:50:11,816 - Using logger class org.apache.velocity.runtime.log.Log4JLogChute
2013-09-25 00:50:11,818 - ResourceLoader instantiated: org.apache.velocity.runtime.resource.loader.ClasspathResourceLoader
2013-09-25 00:50:11,834 - ResourceCache: initialized (class org.apache.velocity.runtime.resource.ResourceCacheImpl) with class java.util.Collections$SynchronizedMap cache map.
2013-09-25 00:50:11,835 - Loaded System Directive: org.apache.velocity.runtime.directive.Stop
2013-09-25 00:50:11,836 - Loaded System Directive: org.apache.velocity.runtime.directive.Define
2013-09-25 00:50:11,836 - Loaded System Directive: org.apache.velocity.runtime.directive.Break
2013-09-25 00:50:11,836 - Loaded System Directive: org.apache.velocity.runtime.directive.Evaluate
2013-09-25 00:50:11,837 - Loaded System Directive: org.apache.velocity.runtime.directive.Literal
2013-09-25 00:50:11,837 - Loaded System Directive: org.apache.velocity.runtime.directive.Macro
2013-09-25 00:50:11,838 - Loaded System Directive: org.apache.velocity.runtime.directive.Parse
2013-09-25 00:50:11,839 - Loaded System Directive: org.apache.velocity.runtime.directive.Include
2013-09-25 00:50:11,839 - Loaded System Directive: org.apache.velocity.runtime.directive.Foreach
2013-09-25 00:50:11,857 - Created '20' parsers.
2013-09-25 00:50:11,861 - Velocimacro : "velocimacro.library" is not set.  Trying default library: VM_global_library.vm
2013-09-25 00:50:11,861 - Could not load resource 'VM_global_library.vm' from ResourceLoader org.apache.velocity.runtime.resource.loader.ClasspathResourceLoader: ClasspathResourceLoader Error: cannot find resource VM_global_library.vm
2013-09-25 00:50:11,861 - Velocimacro : Default library not found.
2013-09-25 00:50:11,861 - Velocimacro : allowInline = true : VMs can be defined inline in templates
2013-09-25 00:50:11,861 - Velocimacro : allowInlineToOverride = false : VMs defined inline may NOT replace previous VM definitions
2013-09-25 00:50:11,861 - Velocimacro : allowInlineLocal = false : VMs defined inline will be global in scope if allowed.
2013-09-25 00:50:11,861 - Velocimacro : autoload off : VM system will not automatically reload global library macros
2013-09-25 00:50:11,870 - ResourceManager : found lemon/weixin/toolkit/weather.xml with loader org.apache.velocity.runtime.resource.loader.ClasspathResourceLoader
2013-09-25 00:50:11,874 - Null reference [template 'lemon/weixin/toolkit/weather.xml', line 2, column 24] : $msg.fromUserName cannot be resolved.
2013-09-25 00:50:11,874 - Null reference [template 'lemon/weixin/toolkit/weather.xml', line 3, column 26] : $msg.toUserName cannot be resolved.
2013-09-25 00:50:11,874 - Null reference [template 'lemon/weixin/toolkit/weather.xml', line 10, column 11] : ${days.length} cannot be resolved.
2013-09-25 00:51:03,824 - Log4JLogChute initialized using file 'velocity.log'
2013-09-25 00:51:03,824 - Initializing Velocity, Calling init()...
2013-09-25 00:51:03,824 - Starting Apache Velocity v1.7 (compiled: 2010-11-19 12:14:37)
2013-09-25 00:51:03,824 - Default Properties File: org\apache\velocity\runtime\defaults\velocity.properties
2013-09-25 00:51:03,824 - Trying to use logger class org.apache.velocity.runtime.log.AvalonLogChute
2013-09-25 00:51:03,824 - Target log system for org.apache.velocity.runtime.log.AvalonLogChute is not available (java.lang.NoClassDefFoundError: org/apache/log/format/Formatter).  Falling back to next log system...
2013-09-25 00:51:03,824 - Trying to use logger class org.apache.velocity.runtime.log.Log4JLogChute
2013-09-25 00:51:03,824 - Using logger class org.apache.velocity.runtime.log.Log4JLogChute
2013-09-25 00:51:03,827 - ResourceLoader instantiated: org.apache.velocity.runtime.resource.loader.ClasspathResourceLoader
2013-09-25 00:51:03,835 - ResourceCache: initialized (class org.apache.velocity.runtime.resource.ResourceCacheImpl) with class java.util.Collections$SynchronizedMap cache map.
2013-09-25 00:51:03,836 - Loaded System Directive: org.apache.velocity.runtime.directive.Stop
2013-09-25 00:51:03,836 - Loaded System Directive: org.apache.velocity.runtime.directive.Define
2013-09-25 00:51:03,837 - Loaded System Directive: org.apache.velocity.runtime.directive.Break
2013-09-25 00:51:03,837 - Loaded System Directive: org.apache.velocity.runtime.directive.Evaluate
2013-09-25 00:51:03,838 - Loaded System Directive: org.apache.velocity.runtime.directive.Literal
2013-09-25 00:51:03,838 - Loaded System Directive: org.apache.velocity.runtime.directive.Macro
2013-09-25 00:51:03,839 - Loaded System Directive: org.apache.velocity.runtime.directive.Parse
2013-09-25 00:51:03,840 - Loaded System Directive: org.apache.velocity.runtime.directive.Include
2013-09-25 00:51:03,840 - Loaded System Directive: org.apache.velocity.runtime.directive.Foreach
2013-09-25 00:51:03,859 - Created '20' parsers.
2013-09-25 00:51:03,862 - Velocimacro : "velocimacro.library" is not set.  Trying default library: VM_global_library.vm
2013-09-25 00:51:03,863 - Could not load resource 'VM_global_library.vm' from ResourceLoader org.apache.velocity.runtime.resource.loader.ClasspathResourceLoader: ClasspathResourceLoader Error: cannot find resource VM_global_library.vm
2013-09-25 00:51:03,863 - Velocimacro : Default library not found.
2013-09-25 00:51:03,863 - Velocimacro : allowInline = true : VMs can be defined inline in templates
2013-09-25 00:51:03,863 - Velocimacro : allowInlineToOverride = false : VMs defined inline may NOT replace previous VM definitions
2013-09-25 00:51:03,863 - Velocimacro : allowInlineLocal = false : VMs defined inline will be global in scope if allowed.
2013-09-25 00:51:03,863 - Velocimacro : autoload off : VM system will not automatically reload global library macros
2013-09-25 00:51:03,872 - ResourceManager : found lemon/weixin/toolkit/weather.xml with loader org.apache.velocity.runtime.resource.loader.ClasspathResourceLoader
2013-09-25 00:51:03,876 - Null reference [template 'lemon/weixin/toolkit/weather.xml', line 3, column 26] : $msg.toUserName cannot be resolved.
2013-09-25 00:51:03,876 - Null reference [template 'lemon/weixin/toolkit/weather.xml', line 10, column 11] : ${days.length} cannot be resolved.
2013-09-25 00:51:50,348 - Log4JLogChute initialized using file 'velocity.log'
2013-09-25 00:51:50,348 - Initializing Velocity, Calling init()...
2013-09-25 00:51:50,348 - Starting Apache Velocity v1.7 (compiled: 2010-11-19 12:14:37)
2013-09-25 00:51:50,348 - Default Properties File: org\apache\velocity\runtime\defaults\velocity.properties
2013-09-25 00:51:50,348 - Trying to use logger class org.apache.velocity.runtime.log.AvalonLogChute
2013-09-25 00:51:50,348 - Target log system for org.apache.velocity.runtime.log.AvalonLogChute is not available (java.lang.NoClassDefFoundError: org/apache/log/format/Formatter).  Falling back to next log system...
2013-09-25 00:51:50,348 - Trying to use logger class org.apache.velocity.runtime.log.Log4JLogChute
2013-09-25 00:51:50,348 - Using logger class org.apache.velocity.runtime.log.Log4JLogChute
2013-09-25 00:51:50,351 - ResourceLoader instantiated: org.apache.velocity.runtime.resource.loader.ClasspathResourceLoader
2013-09-25 00:51:50,359 - ResourceCache: initialized (class org.apache.velocity.runtime.resource.ResourceCacheImpl) with class java.util.Collections$SynchronizedMap cache map.
2013-09-25 00:51:50,359 - Loaded System Directive: org.apache.velocity.runtime.directive.Stop
2013-09-25 00:51:50,368 - Loaded System Directive: org.apache.velocity.runtime.directive.Define
2013-09-25 00:51:50,368 - Loaded System Directive: org.apache.velocity.runtime.directive.Break
2013-09-25 00:51:50,369 - Loaded System Directive: org.apache.velocity.runtime.directive.Evaluate
2013-09-25 00:51:50,369 - Loaded System Directive: org.apache.velocity.runtime.directive.Literal
2013-09-25 00:51:50,370 - Loaded System Directive: org.apache.velocity.runtime.directive.Macro
2013-09-25 00:51:50,371 - Loaded System Directive: org.apache.velocity.runtime.directive.Parse
2013-09-25 00:51:50,371 - Loaded System Directive: org.apache.velocity.runtime.directive.Include
2013-09-25 00:51:50,372 - Loaded System Directive: org.apache.velocity.runtime.directive.Foreach
2013-09-25 00:51:50,390 - Created '20' parsers.
2013-09-25 00:51:50,394 - Velocimacro : "velocimacro.library" is not set.  Trying default library: VM_global_library.vm
2013-09-25 00:51:50,394 - Could not load resource 'VM_global_library.vm' from ResourceLoader org.apache.velocity.runtime.resource.loader.ClasspathResourceLoader: ClasspathResourceLoader Error: cannot find resource VM_global_library.vm
2013-09-25 00:51:50,394 - Velocimacro : Default library not found.
2013-09-25 00:51:50,394 - Velocimacro : allowInline = true : VMs can be defined inline in templates
2013-09-25 00:51:50,394 - Velocimacro : allowInlineToOverride = false : VMs defined inline may NOT replace previous VM definitions
2013-09-25 00:51:50,394 - Velocimacro : allowInlineLocal = false : VMs defined inline will be global in scope if allowed.
2013-09-25 00:51:50,394 - Velocimacro : autoload off : VM system will not automatically reload global library macros
2013-09-25 00:51:50,403 - ResourceManager : found lemon/weixin/toolkit/weather.xml with loader org.apache.velocity.runtime.resource.loader.ClasspathResourceLoader
2013-09-25 00:55:30,693 - Log4JLogChute initialized using file 'velocity.log'
2013-09-25 00:55:30,693 - Initializing Velocity, Calling init()...
2013-09-25 00:55:30,693 - Starting Apache Velocity v1.7 (compiled: 2010-11-19 12:14:37)
2013-09-25 00:55:30,693 - Default Properties File: org\apache\velocity\runtime\defaults\velocity.properties
2013-09-25 00:55:30,693 - Trying to use logger class org.apache.velocity.runtime.log.AvalonLogChute
2013-09-25 00:55:30,693 - Target log system for org.apache.velocity.runtime.log.AvalonLogChute is not available (java.lang.NoClassDefFoundError: org/apache/log/format/Formatter).  Falling back to next log system...
2013-09-25 00:55:30,693 - Trying to use logger class org.apache.velocity.runtime.log.Log4JLogChute
2013-09-25 00:55:30,693 - Using logger class org.apache.velocity.runtime.log.Log4JLogChute
2013-09-25 00:55:30,695 - ResourceLoader instantiated: org.apache.velocity.runtime.resource.loader.ClasspathResourceLoader
2013-09-25 00:55:30,703 - ResourceCache: initialized (class org.apache.velocity.runtime.resource.ResourceCacheImpl) with class java.util.Collections$SynchronizedMap cache map.
2013-09-25 00:55:30,704 - Loaded System Directive: org.apache.velocity.runtime.directive.Stop
2013-09-25 00:55:30,712 - Loaded System Directive: org.apache.velocity.runtime.directive.Define
2013-09-25 00:55:30,713 - Loaded System Directive: org.apache.velocity.runtime.directive.Break
2013-09-25 00:55:30,713 - Loaded System Directive: org.apache.velocity.runtime.directive.Evaluate
2013-09-25 00:55:30,714 - Loaded System Directive: org.apache.velocity.runtime.directive.Literal
2013-09-25 00:55:30,714 - Loaded System Directive: org.apache.velocity.runtime.directive.Macro
2013-09-25 00:55:30,715 - Loaded System Directive: org.apache.velocity.runtime.directive.Parse
2013-09-25 00:55:30,716 - Loaded System Directive: org.apache.velocity.runtime.directive.Include
2013-09-25 00:55:30,717 - Loaded System Directive: org.apache.velocity.runtime.directive.Foreach
2013-09-25 00:55:30,735 - Created '20' parsers.
2013-09-25 00:55:30,739 - Velocimacro : "velocimacro.library" is not set.  Trying default library: VM_global_library.vm
2013-09-25 00:55:30,739 - Could not load resource 'VM_global_library.vm' from ResourceLoader org.apache.velocity.runtime.resource.loader.ClasspathResourceLoader: ClasspathResourceLoader Error: cannot find resource VM_global_library.vm
2013-09-25 00:55:30,739 - Velocimacro : Default library not found.
2013-09-25 00:55:30,739 - Velocimacro : allowInline = true : VMs can be defined inline in templates
2013-09-25 00:55:30,739 - Velocimacro : allowInlineToOverride = false : VMs defined inline may NOT replace previous VM definitions
2013-09-25 00:55:30,740 - Velocimacro : allowInlineLocal = false : VMs defined inline will be global in scope if allowed.
2013-09-25 00:55:30,740 - Velocimacro : autoload off : VM system will not automatically reload global library macros
2013-09-25 00:55:30,748 - ResourceManager : found lemon/weixin/toolkit/weather.xml with loader org.apache.velocity.runtime.resource.loader.ClasspathResourceLoader
2013-09-25 00:57:23,796 - Log4JLogChute initialized using file 'velocity.log'
2013-09-25 00:57:23,796 - Initializing Velocity, Calling init()...
2013-09-25 00:57:23,796 - Starting Apache Velocity v1.7 (compiled: 2010-11-19 12:14:37)
2013-09-25 00:57:23,796 - Default Properties File: org\apache\velocity\runtime\defaults\velocity.properties
2013-09-25 00:57:23,796 - Trying to use logger class org.apache.velocity.runtime.log.AvalonLogChute
2013-09-25 00:57:23,796 - Target log system for org.apache.velocity.runtime.log.AvalonLogChute is not available (java.lang.NoClassDefFoundError: org/apache/log/format/Formatter).  Falling back to next log system...
2013-09-25 00:57:23,796 - Trying to use logger class org.apache.velocity.runtime.log.Log4JLogChute
2013-09-25 00:57:23,796 - Using logger class org.apache.velocity.runtime.log.Log4JLogChute
2013-09-25 00:57:23,798 - ResourceLoader instantiated: org.apache.velocity.runtime.resource.loader.ClasspathResourceLoader
2013-09-25 00:57:23,806 - ResourceCache: initialized (class org.apache.velocity.runtime.resource.ResourceCacheImpl) with class java.util.Collections$SynchronizedMap cache map.
2013-09-25 00:57:23,807 - Loaded System Directive: org.apache.velocity.runtime.directive.Stop
2013-09-25 00:57:23,807 - Loaded System Directive: org.apache.velocity.runtime.directive.Define
2013-09-25 00:57:23,808 - Loaded System Directive: org.apache.velocity.runtime.directive.Break
2013-09-25 00:57:23,808 - Loaded System Directive: org.apache.velocity.runtime.directive.Evaluate
2013-09-25 00:57:23,809 - Loaded System Directive: org.apache.velocity.runtime.directive.Literal
2013-09-25 00:57:23,809 - Loaded System Directive: org.apache.velocity.runtime.directive.Macro
2013-09-25 00:57:23,810 - Loaded System Directive: org.apache.velocity.runtime.directive.Parse
2013-09-25 00:57:23,811 - Loaded System Directive: org.apache.velocity.runtime.directive.Include
2013-09-25 00:57:23,811 - Loaded System Directive: org.apache.velocity.runtime.directive.Foreach
2013-09-25 00:57:23,830 - Created '20' parsers.
2013-09-25 00:57:23,834 - Velocimacro : "velocimacro.library" is not set.  Trying default library: VM_global_library.vm
2013-09-25 00:57:23,834 - Could not load resource 'VM_global_library.vm' from ResourceLoader org.apache.velocity.runtime.resource.loader.ClasspathResourceLoader: ClasspathResourceLoader Error: cannot find resource VM_global_library.vm
2013-09-25 00:57:23,834 - Velocimacro : Default library not found.
2013-09-25 00:57:23,834 - Velocimacro : allowInline = true : VMs can be defined inline in templates
2013-09-25 00:57:23,834 - Velocimacro : allowInlineToOverride = false : VMs defined inline may NOT replace previous VM definitions
2013-09-25 00:57:23,834 - Velocimacro : allowInlineLocal = false : VMs defined inline will be global in scope if allowed.
2013-09-25 00:57:23,834 - Velocimacro : autoload off : VM system will not automatically reload global library macros
2013-09-25 00:57:23,843 - ResourceManager : found lemon/weixin/toolkit/weather.xml with loader org.apache.velocity.runtime.resource.loader.ClasspathResourceLoader
2013-09-25 00:57:27,317 - ResourceManager : found lemon/weixin/toolkit/weather.xml with loader org.apache.velocity.runtime.resource.loader.ClasspathResourceLoader
